Performing C SOURCE FILE Test CompilePCFromUContext failed with the following output:
Change Dir: /home/gongsf/program/MaiterSync/bin/release/CMakeFiles/CMakeTmp

Run Build Command:"/usr/bin/make" "cmTC_813b0/fast"
make[1]: Entering directory '/home/gongsf/program/MaiterSync/bin/release/CMakeFiles/CMakeTmp'
/usr/bin/make -f CMakeFiles/cmTC_813b0.dir/build.make CMakeFiles/cmTC_813b0.dir/build
make[2]: Entering directory '/home/gongsf/program/MaiterSync/bin/release/CMakeFiles/CMakeTmp'
Building C object CMakeFiles/cmTC_813b0.dir/src.c.o
/usr/bin/cc   -DCompilePCFromUContext   -o CMakeFiles/cmTC_813b0.dir/src.c.o   -c /home/gongsf/program/MaiterSync/bin/release/CMakeFiles/CMakeTmp/src.c
/home/gongsf/program/MaiterSync/bin/release/CMakeFiles/CMakeTmp/src.c: In function 'main':
/home/gongsf/program/MaiterSync/bin/release/CMakeFiles/CMakeTmp/src.c:8:34: error: 'REG_EIP' undeclared (first use in this function); did you mean 'REG_RIP'?
     return ctx.uc_mcontext.gregs[REG_EIP] == 0;
                                  ^~~~~~~
                                  REG_RIP
/home/gongsf/program/MaiterSync/bin/release/CMakeFiles/CMakeTmp/src.c:8:34: note: each undeclared identifier is reported only once for each function it appears in
CMakeFiles/cmTC_813b0.dir/build.make:65: recipe for target 'CMakeFiles/cmTC_813b0.dir/src.c.o' failed
make[2]: *** [CMakeFiles/cmTC_813b0.dir/src.c.o] Error 1
make[2]: Leaving directory '/home/gongsf/program/MaiterSync/bin/release/CMakeFiles/CMakeTmp'
Makefile:126: recipe for target 'cmTC_813b0/fast' failed
make[1]: *** [cmTC_813b0/fast] Error 2
make[1]: Leaving directory '/home/gongsf/program/MaiterSync/bin/release/CMakeFiles/CMakeTmp'

Source file was:

  #define _GNU_SOURCE 1
  
#include <ucontext.h>
#include <sys/ucontext.h>
  int main(int argc, char** argv) {
    ucontext_t ctx;
    return ctx.uc_mcontext.gregs[REG_EIP] == 0;
  }
Determining if the pthread_create exist failed with the following output:
Change Dir: /home/gongsf/program/MaiterSync/bin/release/CMakeFiles/CMakeTmp

Run Build Command:"/usr/bin/make" "cmTC_a0cef/fast"
make[1]: Entering directory '/home/gongsf/program/MaiterSync/bin/release/CMakeFiles/CMakeTmp'
/usr/bin/make -f CMakeFiles/cmTC_a0cef.dir/build.make CMakeFiles/cmTC_a0cef.dir/build
make[2]: Entering directory '/home/gongsf/program/MaiterSync/bin/release/CMakeFiles/CMakeTmp'
Building C object CMakeFiles/cmTC_a0cef.dir/CheckSymbolExists.c.o
/usr/bin/cc    -o CMakeFiles/cmTC_a0cef.dir/CheckSymbolExists.c.o   -c /home/gongsf/program/MaiterSync/bin/release/CMakeFiles/CMakeTmp/CheckSymbolExists.c
Linking C executable cmTC_a0cef
/usr/bin/cmake -E cmake_link_script CMakeFiles/cmTC_a0cef.dir/link.txt --verbose=1
/usr/bin/cc      -rdynamic CMakeFiles/cmTC_a0cef.dir/CheckSymbolExists.c.o  -o cmTC_a0cef 
CMakeFiles/cmTC_a0cef.dir/CheckSymbolExists.c.o: In function `main':
CheckSymbolExists.c:(.text+0x1b): undefined reference to `pthread_create'
collect2: error: ld returned 1 exit status
CMakeFiles/cmTC_a0cef.dir/build.make:97: recipe for target 'cmTC_a0cef' failed
make[2]: *** [cmTC_a0cef] Error 1
make[2]: Leaving directory '/home/gongsf/program/MaiterSync/bin/release/CMakeFiles/CMakeTmp'
Makefile:126: recipe for target 'cmTC_a0cef/fast' failed
make[1]: *** [cmTC_a0cef/fast] Error 2
make[1]: Leaving directory '/home/gongsf/program/MaiterSync/bin/release/CMakeFiles/CMakeTmp'

File /home/gongsf/program/MaiterSync/bin/release/CMakeFiles/CMakeTmp/CheckSymbolExists.c:
/* */
#include <pthread.h>

int main(int argc, char** argv)
{
  (void)argv;
#ifndef pthread_create
  return ((int*)(&pthread_create))[argc];
#else
  (void)argc;
  return 0;
#endif
}

Determining if the function pthread_create exists in the pthreads failed with the following output:
Change Dir: /home/gongsf/program/MaiterSync/bin/release/CMakeFiles/CMakeTmp

Run Build Command:"/usr/bin/make" "cmTC_f75f8/fast"
make[1]: Entering directory '/home/gongsf/program/MaiterSync/bin/release/CMakeFiles/CMakeTmp'
/usr/bin/make -f CMakeFiles/cmTC_f75f8.dir/build.make CMakeFiles/cmTC_f75f8.dir/build
make[2]: Entering directory '/home/gongsf/program/MaiterSync/bin/release/CMakeFiles/CMakeTmp'
Building C object CMakeFiles/cmTC_f75f8.dir/CheckFunctionExists.c.o
/usr/bin/cc   -DCHECK_FUNCTION_EXISTS=pthread_create   -o CMakeFiles/cmTC_f75f8.dir/CheckFunctionExists.c.o   -c /usr/share/cmake-3.10/Modules/CheckFunctionExists.c
Linking C executable cmTC_f75f8
/usr/bin/cmake -E cmake_link_script CMakeFiles/cmTC_f75f8.dir/link.txt --verbose=1
/usr/bin/cc  -DCHECK_FUNCTION_EXISTS=pthread_create    -rdynamic CMakeFiles/cmTC_f75f8.dir/CheckFunctionExists.c.o  -o cmTC_f75f8 -lpthreads 
/usr/bin/ld: cannot find -lpthreads
collect2: error: ld returned 1 exit status
CMakeFiles/cmTC_f75f8.dir/build.make:97: recipe for target 'cmTC_f75f8' failed
make[2]: *** [cmTC_f75f8] Error 1
make[2]: Leaving directory '/home/gongsf/program/MaiterSync/bin/release/CMakeFiles/CMakeTmp'
Makefile:126: recipe for target 'cmTC_f75f8/fast' failed
make[1]: *** [cmTC_f75f8/fast] Error 2
make[1]: Leaving directory '/home/gongsf/program/MaiterSync/bin/release/CMakeFiles/CMakeTmp'


Determining if the include file /usr/include/libunwind.h exists failed with the following output:
Change Dir: /home/gongsf/program/MaiterSync/bin/release/CMakeFiles/CMakeTmp

Run Build Command:"/usr/bin/make" "cmTC_d84dd/fast"
make[1]: Entering directory '/home/gongsf/program/MaiterSync/bin/release/CMakeFiles/CMakeTmp'
/usr/bin/make -f CMakeFiles/cmTC_d84dd.dir/build.make CMakeFiles/cmTC_d84dd.dir/build
make[2]: Entering directory '/home/gongsf/program/MaiterSync/bin/release/CMakeFiles/CMakeTmp'
Building C object CMakeFiles/cmTC_d84dd.dir/CheckIncludeFile.c.o
/usr/bin/cc    -o CMakeFiles/cmTC_d84dd.dir/CheckIncludeFile.c.o   -c /home/gongsf/program/MaiterSync/bin/release/CMakeFiles/CMakeTmp/CheckIncludeFile.c
/home/gongsf/program/MaiterSync/bin/release/CMakeFiles/CMakeTmp/CheckIncludeFile.c:1:10: fatal error: /usr/include/libunwind.h: No such file or directory
 #include </usr/include/libunwind.h>
          ^~~~~~~~~~~~~~~~~~~~~~~~~~
compilation terminated.
CMakeFiles/cmTC_d84dd.dir/build.make:65: recipe for target 'CMakeFiles/cmTC_d84dd.dir/CheckIncludeFile.c.o' failed
make[2]: *** [CMakeFiles/cmTC_d84dd.dir/CheckIncludeFile.c.o] Error 1
make[2]: Leaving directory '/home/gongsf/program/MaiterSync/bin/release/CMakeFiles/CMakeTmp'
Makefile:126: recipe for target 'cmTC_d84dd/fast' failed
make[1]: *** [cmTC_d84dd/fast] Error 2
make[1]: Leaving directory '/home/gongsf/program/MaiterSync/bin/release/CMakeFiles/CMakeTmp'


